7/7/2023 4:47:19 PM	This log contains information about the import schema operation into project 'adventure' on computer 'windows-vm-003' by user 'azureuser'.
7/7/2023 4:47:19 PM	Import of database schema has started.
7/7/2023 4:47:25 PM	Gathering database credentials
7/7/2023 4:47:25 PM	Gathering database options
7/7/2023 4:47:25 PM	Gathering generic database scoped configuration option
7/7/2023 4:47:25 PM	Gathering users
7/7/2023 4:47:25 PM	Gathering roles
7/7/2023 4:47:25 PM	Gathering application roles
7/7/2023 4:47:25 PM	Gathering role memberships
7/7/2023 4:47:25 PM	Gathering filegroups
7/7/2023 4:47:25 PM	Gathering full-text catalogs
7/7/2023 4:47:25 PM	Gathering assemblies
7/7/2023 4:47:25 PM	Gathering certificates
7/7/2023 4:47:25 PM	Gathering asymmetric keys
7/7/2023 4:47:25 PM	Gathering symmetric keys
7/7/2023 4:47:25 PM	Gathering encrypted symmetric keys
7/7/2023 4:47:25 PM	Gathering schemas
7/7/2023 4:47:25 PM	Gathering XML schema collections
7/7/2023 4:47:25 PM	Gathering user-defined data types
7/7/2023 4:47:25 PM	Gathering user-defined types
7/7/2023 4:47:25 PM	Gathering table types
7/7/2023 4:47:25 PM	Gathering unique keys for table types
7/7/2023 4:47:25 PM	Gathering primary keys for table types
7/7/2023 4:47:25 PM	Gathering indexes for table types
7/7/2023 4:47:25 PM	Gathering check constraints for table types
7/7/2023 4:47:25 PM	Gathering default constraints for table types
7/7/2023 4:47:25 PM	Gathering partition functions
7/7/2023 4:47:25 PM	Gathering partition schemes
7/7/2023 4:47:25 PM	Gathering functions
7/7/2023 4:47:25 PM	Gathering encrypted functions
7/7/2023 4:47:25 PM	Gathering aggregates
7/7/2023 4:47:25 PM	Gathering procedures
7/7/2023 4:47:25 PM	Gathering encrypted procedures
7/7/2023 4:47:25 PM	Gathering tables
7/7/2023 4:47:26 PM	Gathering primary keys
7/7/2023 4:47:26 PM	Gathering unique constraints
7/7/2023 4:47:26 PM	Gathering foreign keys
7/7/2023 4:47:26 PM	Gathering default constraints
7/7/2023 4:47:26 PM	Gathering check constraints
7/7/2023 4:47:26 PM	Gathering views
7/7/2023 4:47:26 PM	Gathering encrypted views
7/7/2023 4:47:26 PM	Gathering indexes
7/7/2023 4:47:26 PM	Gathering statistics
7/7/2023 4:47:26 PM	Gathering full-text index stoplists
7/7/2023 4:47:26 PM	Gathering search property lists
7/7/2023 4:47:26 PM	Gathering search properties
7/7/2023 4:47:26 PM	Gathering full-text indexes
7/7/2023 4:47:26 PM	Gathering column store indexes
7/7/2023 4:47:26 PM	Gathering spatial indexes
7/7/2023 4:47:26 PM	Gathering XML indexes
7/7/2023 4:47:26 PM	Gathering Selective XML indexes
7/7/2023 4:47:26 PM	Gathering encrypted triggers
7/7/2023 4:47:26 PM	Gathering triggers
7/7/2023 4:47:26 PM	Gathering encrypted and clr ddl triggers
7/7/2023 4:47:26 PM	Gathering ddl triggers
7/7/2023 4:47:26 PM	Creating edge constraints
7/7/2023 4:47:26 PM	Gathering synonyms
7/7/2023 4:47:26 PM	Gathering defaults
7/7/2023 4:47:26 PM	Gathering data constraint uddt bindings
7/7/2023 4:47:26 PM	Gathering rules
7/7/2023 4:47:26 PM	Gathering data constraint uddt bindings
7/7/2023 4:47:26 PM	Gathering message types
7/7/2023 4:47:26 PM	Gathering queues
7/7/2023 4:47:26 PM	Gathering contracts
7/7/2023 4:47:26 PM	Gathering services
7/7/2023 4:47:26 PM	Gathering event notifications
7/7/2023 4:47:26 PM	Gathering remote service bindings
7/7/2023 4:47:26 PM	Gathering broker priorities
7/7/2023 4:47:26 PM	Gathering signatures
7/7/2023 4:47:26 PM	Gathering data compression options
7/7/2023 4:47:26 PM	Gathering sequence types
7/7/2023 4:47:26 PM	Gathering security policies
7/7/2023 4:47:26 PM	Gather column encryption keys
7/7/2023 4:47:26 PM	Gathering column master keys
7/7/2023 4:47:26 PM	Gathering external data sources
7/7/2023 4:47:26 PM	Gathering external file formats
7/7/2023 4:47:26 PM	Gathering external tables
7/7/2023 4:47:26 PM	Gathering extended properties
7/7/2023 4:47:27 PM	Gathering assemblies
7/7/2023 4:47:27 PM	Gathering credentials
7/7/2023 4:47:27 PM	Gathering logins
7/7/2023 4:47:27 PM	Gathering server audits
7/7/2023 4:47:28 PM	Scanning project for duplicate elements
7/7/2023 4:47:28 PM	Finished duplicate element processing
7/7/2023 4:47:33 PM	Finished importing database.
7/7/2023 4:47:33 PM	A summary of the import was saved to the following location: C:\Users\azureuser\repo\naveensingh2903\db_sdlc\adventure\adventure\Import Schema Logs\adventure_20230707111719.log
7/7/2023 4:47:33 PM	Click Finish to continue...
